CRITICAL - 2024-07-23 08:41:33 --> ErrorException: Undefined variable $titulo
[Method: GET, Route: registro]
in APPPATH\Views\front\head_view.php on line 6.
 1 APPPATH\Views\front\head_view.php(6): CodeIgniter\Debug\Exceptions->errorHandler(2, 'Undefined variable $titulo', 'C:\\xampp\\htdocs\\ProT3_36468373\\app\\Views\\front\\head_view.php', 6)
 2 SYSTEMPATH\View\View.php(234): include('C:\\xampp\\htdocs\\ProT3_36468373\\app\\Views\\front\\head_view.php')
 3 SYSTEMPATH\View\View.php(237): CodeIgniter\View\View->CodeIgniter\View\{closure}()
 4 SYSTEMPATH\Common.php(1171): CodeIgniter\View\View->render('front/head_view', [], true)
 5 APPPATH\Controllers\Home.php(30): view('front/head_view')
 6 SYSTEMPATH\CodeIgniter.php(933): App\Controllers\Home->registro()
 7 SYSTEMPATH\CodeIgniter.php(509): CodeIgniter\CodeIgniter->runController(Object(App\Controllers\Home))
 8 SYSTEMPATH\CodeIgniter.php(355): CodeIgniter\CodeIgniter->handleRequest(null, Object(Config\Cache), false)
 9 SYSTEMPATH\Boot.php(312): CodeIgniter\CodeIgniter->run()
10 SYSTEMPATH\Boot.php(67): CodeIgniter\Boot::runCodeIgniter(Object(CodeIgniter\CodeIgniter))
11 FCPATH\index.php(56): CodeIgniter\Boot::bootWeb(Object(Config\Paths))
CRITICAL - 2024-07-23 08:47:16 --> ErrorException: Undefined variable $titulo
[Method: GET, Route: quienes_somos]
in APPPATH\Views\front\head_view.php on line 6.
 1 APPPATH\Views\front\head_view.php(6): CodeIgniter\Debug\Exceptions->errorHandler(2, 'Undefined variable $titulo', 'C:\\xampp\\htdocs\\ProT3_36468373\\app\\Views\\front\\head_view.php', 6)
 2 SYSTEMPATH\View\View.php(234): include('C:\\xampp\\htdocs\\ProT3_36468373\\app\\Views\\front\\head_view.php')
 3 SYSTEMPATH\View\View.php(237): CodeIgniter\View\View->CodeIgniter\View\{closure}()
 4 SYSTEMPATH\Common.php(1171): CodeIgniter\View\View->render('front/head_view', [], true)
 5 APPPATH\Controllers\Home.php(17): view('front/head_view')
 6 SYSTEMPATH\CodeIgniter.php(933): App\Controllers\Home->quienes_somos()
 7 SYSTEMPATH\CodeIgniter.php(509): CodeIgniter\CodeIgniter->runController(Object(App\Controllers\Home))
 8 SYSTEMPATH\CodeIgniter.php(355): CodeIgniter\CodeIgniter->handleRequest(null, Object(Config\Cache), false)
 9 SYSTEMPATH\Boot.php(312): CodeIgniter\CodeIgniter->run()
10 SYSTEMPATH\Boot.php(67): CodeIgniter\Boot::runCodeIgniter(Object(CodeIgniter\CodeIgniter))
11 FCPATH\index.php(56): CodeIgniter\Boot::bootWeb(Object(Config\Paths))
CRITICAL - 2024-07-23 08:47:20 --> ErrorException: Undefined variable $titulo
[Method: GET, Route: acerca_de]
in APPPATH\Views\front\head_view.php on line 6.
 1 APPPATH\Views\front\head_view.php(6): CodeIgniter\Debug\Exceptions->errorHandler(2, 'Undefined variable $titulo', 'C:\\xampp\\htdocs\\ProT3_36468373\\app\\Views\\front\\head_view.php', 6)
 2 SYSTEMPATH\View\View.php(234): include('C:\\xampp\\htdocs\\ProT3_36468373\\app\\Views\\front\\head_view.php')
 3 SYSTEMPATH\View\View.php(237): CodeIgniter\View\View->CodeIgniter\View\{closure}()
 4 SYSTEMPATH\Common.php(1171): CodeIgniter\View\View->render('front/head_view', [], true)
 5 APPPATH\Controllers\Home.php(24): view('front/head_view')
 6 SYSTEMPATH\CodeIgniter.php(933): App\Controllers\Home->acerca_de()
 7 SYSTEMPATH\CodeIgniter.php(509): CodeIgniter\CodeIgniter->runController(Object(App\Controllers\Home))
 8 SYSTEMPATH\CodeIgniter.php(355): CodeIgniter\CodeIgniter->handleRequest(null, Object(Config\Cache), false)
 9 SYSTEMPATH\Boot.php(312): CodeIgniter\CodeIgniter->run()
10 SYSTEMPATH\Boot.php(67): CodeIgniter\Boot::runCodeIgniter(Object(CodeIgniter\CodeIgniter))
11 FCPATH\index.php(56): CodeIgniter\Boot::bootWeb(Object(Config\Paths))
CRITICAL - 2024-07-23 08:48:41 --> ErrorException: Undefined variable $titulo
[Method: GET, Route: acerca_de]
in APPPATH\Views\front\head_view.php on line 6.
 1 APPPATH\Views\front\head_view.php(6): CodeIgniter\Debug\Exceptions->errorHandler(2, 'Undefined variable $titulo', 'C:\\xampp\\htdocs\\ProT3_36468373\\app\\Views\\front\\head_view.php', 6)
 2 SYSTEMPATH\View\View.php(234): include('C:\\xampp\\htdocs\\ProT3_36468373\\app\\Views\\front\\head_view.php')
 3 SYSTEMPATH\View\View.php(237): CodeIgniter\View\View->CodeIgniter\View\{closure}()
 4 SYSTEMPATH\Common.php(1171): CodeIgniter\View\View->render('front/head_view', [], true)
 5 APPPATH\Controllers\Home.php(25): view('front/head_view')
 6 SYSTEMPATH\CodeIgniter.php(933): App\Controllers\Home->acerca_de()
 7 SYSTEMPATH\CodeIgniter.php(509): CodeIgniter\CodeIgniter->runController(Object(App\Controllers\Home))
 8 SYSTEMPATH\CodeIgniter.php(355): CodeIgniter\CodeIgniter->handleRequest(null, Object(Config\Cache), false)
 9 SYSTEMPATH\Boot.php(312): CodeIgniter\CodeIgniter->run()
10 SYSTEMPATH\Boot.php(67): CodeIgniter\Boot::runCodeIgniter(Object(CodeIgniter\CodeIgniter))
11 FCPATH\index.php(56): CodeIgniter\Boot::bootWeb(Object(Config\Paths))
CRITICAL - 2024-07-23 09:10:30 --> CodeIgniter\View\Exceptions\ViewException: Invalid file: "front/registro.php"
[Method: GET, Route: registro]
in SYSTEMPATH\Exceptions\FrameworkException.php on line 41.
 1 SYSTEMPATH\View\View.php(222): CodeIgniter\Exceptions\FrameworkException::forInvalidFile('front/registro.php')
 2 SYSTEMPATH\Common.php(1171): CodeIgniter\View\View->render('front/registro', [], true)
 3 APPPATH\Controllers\Home.php(36): view('front/registro')
 4 SYSTEMPATH\CodeIgniter.php(933): App\Controllers\Home->registro()
 5 SYSTEMPATH\CodeIgniter.php(509): CodeIgniter\CodeIgniter->runController(Object(App\Controllers\Home))
 6 SYSTEMPATH\CodeIgniter.php(355): CodeIgniter\CodeIgniter->handleRequest(null, Object(Config\Cache), false)
 7 SYSTEMPATH\Boot.php(312): CodeIgniter\CodeIgniter->run()
 8 SYSTEMPATH\Boot.php(67): CodeIgniter\Boot::runCodeIgniter(Object(CodeIgniter\CodeIgniter))
 9 FCPATH\index.php(56): CodeIgniter\Boot::bootWeb(Object(Config\Paths))
CRITICAL - 2024-07-23 09:10:31 --> CodeIgniter\View\Exceptions\ViewException: Invalid file: "front/registro.php"
[Method: GET, Route: registro]
in SYSTEMPATH\Exceptions\FrameworkException.php on line 41.
 1 SYSTEMPATH\View\View.php(222): CodeIgniter\Exceptions\FrameworkException::forInvalidFile('front/registro.php')
 2 SYSTEMPATH\Common.php(1171): CodeIgniter\View\View->render('front/registro', [], true)
 3 APPPATH\Controllers\Home.php(36): view('front/registro')
 4 SYSTEMPATH\CodeIgniter.php(933): App\Controllers\Home->registro()
 5 SYSTEMPATH\CodeIgniter.php(509): CodeIgniter\CodeIgniter->runController(Object(App\Controllers\Home))
 6 SYSTEMPATH\CodeIgniter.php(355): CodeIgniter\CodeIgniter->handleRequest(null, Object(Config\Cache), false)
 7 SYSTEMPATH\Boot.php(312): CodeIgniter\CodeIgniter->run()
 8 SYSTEMPATH\Boot.php(67): CodeIgniter\Boot::runCodeIgniter(Object(CodeIgniter\CodeIgniter))
 9 FCPATH\index.php(56): CodeIgniter\Boot::bootWeb(Object(Config\Paths))
CRITICAL - 2024-07-23 09:10:31 --> CodeIgniter\View\Exceptions\ViewException: Invalid file: "front/registro.php"
[Method: GET, Route: registro]
in SYSTEMPATH\Exceptions\FrameworkException.php on line 41.
 1 SYSTEMPATH\View\View.php(222): CodeIgniter\Exceptions\FrameworkException::forInvalidFile('front/registro.php')
 2 SYSTEMPATH\Common.php(1171): CodeIgniter\View\View->render('front/registro', [], true)
 3 APPPATH\Controllers\Home.php(36): view('front/registro')
 4 SYSTEMPATH\CodeIgniter.php(933): App\Controllers\Home->registro()
 5 SYSTEMPATH\CodeIgniter.php(509): CodeIgniter\CodeIgniter->runController(Object(App\Controllers\Home))
 6 SYSTEMPATH\CodeIgniter.php(355): CodeIgniter\CodeIgniter->handleRequest(null, Object(Config\Cache), false)
 7 SYSTEMPATH\Boot.php(312): CodeIgniter\CodeIgniter->run()
 8 SYSTEMPATH\Boot.php(67): CodeIgniter\Boot::runCodeIgniter(Object(CodeIgniter\CodeIgniter))
 9 FCPATH\index.php(56): CodeIgniter\Boot::bootWeb(Object(Config\Paths))
CRITICAL - 2024-07-23 09:10:31 --> CodeIgniter\View\Exceptions\ViewException: Invalid file: "front/registro.php"
[Method: GET, Route: registro]
in SYSTEMPATH\Exceptions\FrameworkException.php on line 41.
 1 SYSTEMPATH\View\View.php(222): CodeIgniter\Exceptions\FrameworkException::forInvalidFile('front/registro.php')
 2 SYSTEMPATH\Common.php(1171): CodeIgniter\View\View->render('front/registro', [], true)
 3 APPPATH\Controllers\Home.php(36): view('front/registro')
 4 SYSTEMPATH\CodeIgniter.php(933): App\Controllers\Home->registro()
 5 SYSTEMPATH\CodeIgniter.php(509): CodeIgniter\CodeIgniter->runController(Object(App\Controllers\Home))
 6 SYSTEMPATH\CodeIgniter.php(355): CodeIgniter\CodeIgniter->handleRequest(null, Object(Config\Cache), false)
 7 SYSTEMPATH\Boot.php(312): CodeIgniter\CodeIgniter->run()
 8 SYSTEMPATH\Boot.php(67): CodeIgniter\Boot::runCodeIgniter(Object(CodeIgniter\CodeIgniter))
 9 FCPATH\index.php(56): CodeIgniter\Boot::bootWeb(Object(Config\Paths))
CRITICAL - 2024-07-23 09:10:31 --> CodeIgniter\View\Exceptions\ViewException: Invalid file: "front/registro.php"
[Method: GET, Route: registro]
in SYSTEMPATH\Exceptions\FrameworkException.php on line 41.
 1 SYSTEMPATH\View\View.php(222): CodeIgniter\Exceptions\FrameworkException::forInvalidFile('front/registro.php')
 2 SYSTEMPATH\Common.php(1171): CodeIgniter\View\View->render('front/registro', [], true)
 3 APPPATH\Controllers\Home.php(36): view('front/registro')
 4 SYSTEMPATH\CodeIgniter.php(933): App\Controllers\Home->registro()
 5 SYSTEMPATH\CodeIgniter.php(509): CodeIgniter\CodeIgniter->runController(Object(App\Controllers\Home))
 6 SYSTEMPATH\CodeIgniter.php(355): CodeIgniter\CodeIgniter->handleRequest(null, Object(Config\Cache), false)
 7 SYSTEMPATH\Boot.php(312): CodeIgniter\CodeIgniter->run()
 8 SYSTEMPATH\Boot.php(67): CodeIgniter\Boot::runCodeIgniter(Object(CodeIgniter\CodeIgniter))
 9 FCPATH\index.php(56): CodeIgniter\Boot::bootWeb(Object(Config\Paths))
CRITICAL - 2024-07-23 09:10:32 --> CodeIgniter\View\Exceptions\ViewException: Invalid file: "front/registro.php"
[Method: GET, Route: registro]
in SYSTEMPATH\Exceptions\FrameworkException.php on line 41.
 1 SYSTEMPATH\View\View.php(222): CodeIgniter\Exceptions\FrameworkException::forInvalidFile('front/registro.php')
 2 SYSTEMPATH\Common.php(1171): CodeIgniter\View\View->render('front/registro', [], true)
 3 APPPATH\Controllers\Home.php(36): view('front/registro')
 4 SYSTEMPATH\CodeIgniter.php(933): App\Controllers\Home->registro()
 5 SYSTEMPATH\CodeIgniter.php(509): CodeIgniter\CodeIgniter->runController(Object(App\Controllers\Home))
 6 SYSTEMPATH\CodeIgniter.php(355): CodeIgniter\CodeIgniter->handleRequest(null, Object(Config\Cache), false)
 7 SYSTEMPATH\Boot.php(312): CodeIgniter\CodeIgniter->run()
 8 SYSTEMPATH\Boot.php(67): CodeIgniter\Boot::runCodeIgniter(Object(CodeIgniter\CodeIgniter))
 9 FCPATH\index.php(56): CodeIgniter\Boot::bootWeb(Object(Config\Paths))
CRITICAL - 2024-07-23 09:10:32 --> CodeIgniter\View\Exceptions\ViewException: Invalid file: "front/registro.php"
[Method: GET, Route: registro]
in SYSTEMPATH\Exceptions\FrameworkException.php on line 41.
 1 SYSTEMPATH\View\View.php(222): CodeIgniter\Exceptions\FrameworkException::forInvalidFile('front/registro.php')
 2 SYSTEMPATH\Common.php(1171): CodeIgniter\View\View->render('front/registro', [], true)
 3 APPPATH\Controllers\Home.php(36): view('front/registro')
 4 SYSTEMPATH\CodeIgniter.php(933): App\Controllers\Home->registro()
 5 SYSTEMPATH\CodeIgniter.php(509): CodeIgniter\CodeIgniter->runController(Object(App\Controllers\Home))
 6 SYSTEMPATH\CodeIgniter.php(355): CodeIgniter\CodeIgniter->handleRequest(null, Object(Config\Cache), false)
 7 SYSTEMPATH\Boot.php(312): CodeIgniter\CodeIgniter->run()
 8 SYSTEMPATH\Boot.php(67): CodeIgniter\Boot::runCodeIgniter(Object(CodeIgniter\CodeIgniter))
 9 FCPATH\index.php(56): CodeIgniter\Boot::bootWeb(Object(Config\Paths))
CRITICAL - 2024-07-23 09:10:33 --> CodeIgniter\View\Exceptions\ViewException: Invalid file: "front/login.php"
[Method: GET, Route: login]
in SYSTEMPATH\Exceptions\FrameworkException.php on line 41.
 1 SYSTEMPATH\View\View.php(222): CodeIgniter\Exceptions\FrameworkException::forInvalidFile('front/login.php')
 2 SYSTEMPATH\Common.php(1171): CodeIgniter\View\View->render('front/login', [], true)
 3 APPPATH\Controllers\Home.php(44): view('front/login')
 4 SYSTEMPATH\CodeIgniter.php(933): App\Controllers\Home->login()
 5 SYSTEMPATH\CodeIgniter.php(509): CodeIgniter\CodeIgniter->runController(Object(App\Controllers\Home))
 6 SYSTEMPATH\CodeIgniter.php(355): CodeIgniter\CodeIgniter->handleRequest(null, Object(Config\Cache), false)
 7 SYSTEMPATH\Boot.php(312): CodeIgniter\CodeIgniter->run()
 8 SYSTEMPATH\Boot.php(67): CodeIgniter\Boot::runCodeIgniter(Object(CodeIgniter\CodeIgniter))
 9 FCPATH\index.php(56): CodeIgniter\Boot::bootWeb(Object(Config\Paths))
CRITICAL - 2024-07-23 09:10:38 --> CodeIgniter\View\Exceptions\ViewException: Invalid file: "front/registro.php"
[Method: GET, Route: registro]
in SYSTEMPATH\Exceptions\FrameworkException.php on line 41.
 1 SYSTEMPATH\View\View.php(222): CodeIgniter\Exceptions\FrameworkException::forInvalidFile('front/registro.php')
 2 SYSTEMPATH\Common.php(1171): CodeIgniter\View\View->render('front/registro', [], true)
 3 APPPATH\Controllers\Home.php(36): view('front/registro')
 4 SYSTEMPATH\CodeIgniter.php(933): App\Controllers\Home->registro()
 5 SYSTEMPATH\CodeIgniter.php(509): CodeIgniter\CodeIgniter->runController(Object(App\Controllers\Home))
 6 SYSTEMPATH\CodeIgniter.php(355): CodeIgniter\CodeIgniter->handleRequest(null, Object(Config\Cache), false)
 7 SYSTEMPATH\Boot.php(312): CodeIgniter\CodeIgniter->run()
 8 SYSTEMPATH\Boot.php(67): CodeIgniter\Boot::runCodeIgniter(Object(CodeIgniter\CodeIgniter))
 9 FCPATH\index.php(56): CodeIgniter\Boot::bootWeb(Object(Config\Paths))
CRITICAL - 2024-07-23 09:12:18 --> CodeIgniter\View\Exceptions\ViewException: Invalid file: "front/registro.php"
[Method: GET, Route: registro]
in SYSTEMPATH\Exceptions\FrameworkException.php on line 41.
 1 SYSTEMPATH\View\View.php(222): CodeIgniter\Exceptions\FrameworkException::forInvalidFile('front/registro.php')
 2 SYSTEMPATH\Common.php(1171): CodeIgniter\View\View->render('front/registro', [], true)
 3 APPPATH\Controllers\Home.php(36): view('front/registro')
 4 SYSTEMPATH\CodeIgniter.php(933): App\Controllers\Home->registro()
 5 SYSTEMPATH\CodeIgniter.php(509): CodeIgniter\CodeIgniter->runController(Object(App\Controllers\Home))
 6 SYSTEMPATH\CodeIgniter.php(355): CodeIgniter\CodeIgniter->handleRequest(null, Object(Config\Cache), false)
 7 SYSTEMPATH\Boot.php(312): CodeIgniter\CodeIgniter->run()
 8 SYSTEMPATH\Boot.php(67): CodeIgniter\Boot::runCodeIgniter(Object(CodeIgniter\CodeIgniter))
 9 FCPATH\index.php(56): CodeIgniter\Boot::bootWeb(Object(Config\Paths))
CRITICAL - 2024-07-23 09:12:19 --> CodeIgniter\View\Exceptions\ViewException: Invalid file: "front/registro.php"
[Method: GET, Route: registro]
in SYSTEMPATH\Exceptions\FrameworkException.php on line 41.
 1 SYSTEMPATH\View\View.php(222): CodeIgniter\Exceptions\FrameworkException::forInvalidFile('front/registro.php')
 2 SYSTEMPATH\Common.php(1171): CodeIgniter\View\View->render('front/registro', [], true)
 3 APPPATH\Controllers\Home.php(36): view('front/registro')
 4 SYSTEMPATH\CodeIgniter.php(933): App\Controllers\Home->registro()
 5 SYSTEMPATH\CodeIgniter.php(509): CodeIgniter\CodeIgniter->runController(Object(App\Controllers\Home))
 6 SYSTEMPATH\CodeIgniter.php(355): CodeIgniter\CodeIgniter->handleRequest(null, Object(Config\Cache), false)
 7 SYSTEMPATH\Boot.php(312): CodeIgniter\CodeIgniter->run()
 8 SYSTEMPATH\Boot.php(67): CodeIgniter\Boot::runCodeIgniter(Object(CodeIgniter\CodeIgniter))
 9 FCPATH\index.php(56): CodeIgniter\Boot::bootWeb(Object(Config\Paths))
CRITICAL - 2024-07-23 09:12:19 --> CodeIgniter\View\Exceptions\ViewException: Invalid file: "front/registro.php"
[Method: GET, Route: registro]
in SYSTEMPATH\Exceptions\FrameworkException.php on line 41.
 1 SYSTEMPATH\View\View.php(222): CodeIgniter\Exceptions\FrameworkException::forInvalidFile('front/registro.php')
 2 SYSTEMPATH\Common.php(1171): CodeIgniter\View\View->render('front/registro', [], true)
 3 APPPATH\Controllers\Home.php(36): view('front/registro')
 4 SYSTEMPATH\CodeIgniter.php(933): App\Controllers\Home->registro()
 5 SYSTEMPATH\CodeIgniter.php(509): CodeIgniter\CodeIgniter->runController(Object(App\Controllers\Home))
 6 SYSTEMPATH\CodeIgniter.php(355): CodeIgniter\CodeIgniter->handleRequest(null, Object(Config\Cache), false)
 7 SYSTEMPATH\Boot.php(312): CodeIgniter\CodeIgniter->run()
 8 SYSTEMPATH\Boot.php(67): CodeIgniter\Boot::runCodeIgniter(Object(CodeIgniter\CodeIgniter))
 9 FCPATH\index.php(56): CodeIgniter\Boot::bootWeb(Object(Config\Paths))
CRITICAL - 2024-07-23 09:12:19 --> CodeIgniter\View\Exceptions\ViewException: Invalid file: "front/registro.php"
[Method: GET, Route: registro]
in SYSTEMPATH\Exceptions\FrameworkException.php on line 41.
 1 SYSTEMPATH\View\View.php(222): CodeIgniter\Exceptions\FrameworkException::forInvalidFile('front/registro.php')
 2 SYSTEMPATH\Common.php(1171): CodeIgniter\View\View->render('front/registro', [], true)
 3 APPPATH\Controllers\Home.php(36): view('front/registro')
 4 SYSTEMPATH\CodeIgniter.php(933): App\Controllers\Home->registro()
 5 SYSTEMPATH\CodeIgniter.php(509): CodeIgniter\CodeIgniter->runController(Object(App\Controllers\Home))
 6 SYSTEMPATH\CodeIgniter.php(355): CodeIgniter\CodeIgniter->handleRequest(null, Object(Config\Cache), false)
 7 SYSTEMPATH\Boot.php(312): CodeIgniter\CodeIgniter->run()
 8 SYSTEMPATH\Boot.php(67): CodeIgniter\Boot::runCodeIgniter(Object(CodeIgniter\CodeIgniter))
 9 FCPATH\index.php(56): CodeIgniter\Boot::bootWeb(Object(Config\Paths))
CRITICAL - 2024-07-23 09:12:19 --> CodeIgniter\View\Exceptions\ViewException: Invalid file: "front/registro.php"
[Method: GET, Route: registro]
in SYSTEMPATH\Exceptions\FrameworkException.php on line 41.
 1 SYSTEMPATH\View\View.php(222): CodeIgniter\Exceptions\FrameworkException::forInvalidFile('front/registro.php')
 2 SYSTEMPATH\Common.php(1171): CodeIgniter\View\View->render('front/registro', [], true)
 3 APPPATH\Controllers\Home.php(36): view('front/registro')
 4 SYSTEMPATH\CodeIgniter.php(933): App\Controllers\Home->registro()
 5 SYSTEMPATH\CodeIgniter.php(509): CodeIgniter\CodeIgniter->runController(Object(App\Controllers\Home))
 6 SYSTEMPATH\CodeIgniter.php(355): CodeIgniter\CodeIgniter->handleRequest(null, Object(Config\Cache), false)
 7 SYSTEMPATH\Boot.php(312): CodeIgniter\CodeIgniter->run()
 8 SYSTEMPATH\Boot.php(67): CodeIgniter\Boot::runCodeIgniter(Object(CodeIgniter\CodeIgniter))
 9 FCPATH\index.php(56): CodeIgniter\Boot::bootWeb(Object(Config\Paths))
CRITICAL - 2024-07-23 09:12:20 --> CodeIgniter\View\Exceptions\ViewException: Invalid file: "front/registro.php"
[Method: GET, Route: registro]
in SYSTEMPATH\Exceptions\FrameworkException.php on line 41.
 1 SYSTEMPATH\View\View.php(222): CodeIgniter\Exceptions\FrameworkException::forInvalidFile('front/registro.php')
 2 SYSTEMPATH\Common.php(1171): CodeIgniter\View\View->render('front/registro', [], true)
 3 APPPATH\Controllers\Home.php(36): view('front/registro')
 4 SYSTEMPATH\CodeIgniter.php(933): App\Controllers\Home->registro()
 5 SYSTEMPATH\CodeIgniter.php(509): CodeIgniter\CodeIgniter->runController(Object(App\Controllers\Home))
 6 SYSTEMPATH\CodeIgniter.php(355): CodeIgniter\CodeIgniter->handleRequest(null, Object(Config\Cache), false)
 7 SYSTEMPATH\Boot.php(312): CodeIgniter\CodeIgniter->run()
 8 SYSTEMPATH\Boot.php(67): CodeIgniter\Boot::runCodeIgniter(Object(CodeIgniter\CodeIgniter))
 9 FCPATH\index.php(56): CodeIgniter\Boot::bootWeb(Object(Config\Paths))
CRITICAL - 2024-07-23 09:12:20 --> CodeIgniter\View\Exceptions\ViewException: Invalid file: "front/registro.php"
[Method: GET, Route: registro]
in SYSTEMPATH\Exceptions\FrameworkException.php on line 41.
 1 SYSTEMPATH\View\View.php(222): CodeIgniter\Exceptions\FrameworkException::forInvalidFile('front/registro.php')
 2 SYSTEMPATH\Common.php(1171): CodeIgniter\View\View->render('front/registro', [], true)
 3 APPPATH\Controllers\Home.php(36): view('front/registro')
 4 SYSTEMPATH\CodeIgniter.php(933): App\Controllers\Home->registro()
 5 SYSTEMPATH\CodeIgniter.php(509): CodeIgniter\CodeIgniter->runController(Object(App\Controllers\Home))
 6 SYSTEMPATH\CodeIgniter.php(355): CodeIgniter\CodeIgniter->handleRequest(null, Object(Config\Cache), false)
 7 SYSTEMPATH\Boot.php(312): CodeIgniter\CodeIgniter->run()
 8 SYSTEMPATH\Boot.php(67): CodeIgniter\Boot::runCodeIgniter(Object(CodeIgniter\CodeIgniter))
 9 FCPATH\index.php(56): CodeIgniter\Boot::bootWeb(Object(Config\Paths))
CRITICAL - 2024-07-23 09:12:23 --> CodeIgniter\View\Exceptions\ViewException: Invalid file: "front/registro.php"
[Method: GET, Route: registro]
in SYSTEMPATH\Exceptions\FrameworkException.php on line 41.
 1 SYSTEMPATH\View\View.php(222): CodeIgniter\Exceptions\FrameworkException::forInvalidFile('front/registro.php')
 2 SYSTEMPATH\Common.php(1171): CodeIgniter\View\View->render('front/registro', [], true)
 3 APPPATH\Controllers\Home.php(36): view('front/registro')
 4 SYSTEMPATH\CodeIgniter.php(933): App\Controllers\Home->registro()
 5 SYSTEMPATH\CodeIgniter.php(509): CodeIgniter\CodeIgniter->runController(Object(App\Controllers\Home))
 6 SYSTEMPATH\CodeIgniter.php(355): CodeIgniter\CodeIgniter->handleRequest(null, Object(Config\Cache), false)
 7 SYSTEMPATH\Boot.php(312): CodeIgniter\CodeIgniter->run()
 8 SYSTEMPATH\Boot.php(67): CodeIgniter\Boot::runCodeIgniter(Object(CodeIgniter\CodeIgniter))
 9 FCPATH\index.php(56): CodeIgniter\Boot::bootWeb(Object(Config\Paths))
CRITICAL - 2024-07-23 09:12:29 --> CodeIgniter\View\Exceptions\ViewException: Invalid file: "front/login.php"
[Method: GET, Route: login]
in SYSTEMPATH\Exceptions\FrameworkException.php on line 41.
 1 SYSTEMPATH\View\View.php(222): CodeIgniter\Exceptions\FrameworkException::forInvalidFile('front/login.php')
 2 SYSTEMPATH\Common.php(1171): CodeIgniter\View\View->render('front/login', [], true)
 3 APPPATH\Controllers\Home.php(44): view('front/login')
 4 SYSTEMPATH\CodeIgniter.php(933): App\Controllers\Home->login()
 5 SYSTEMPATH\CodeIgniter.php(509): CodeIgniter\CodeIgniter->runController(Object(App\Controllers\Home))
 6 SYSTEMPATH\CodeIgniter.php(355): CodeIgniter\CodeIgniter->handleRequest(null, Object(Config\Cache), false)
 7 SYSTEMPATH\Boot.php(312): CodeIgniter\CodeIgniter->run()
 8 SYSTEMPATH\Boot.php(67): CodeIgniter\Boot::runCodeIgniter(Object(CodeIgniter\CodeIgniter))
 9 FCPATH\index.php(56): CodeIgniter\Boot::bootWeb(Object(Config\Paths))
CRITICAL - 2024-07-23 09:17:37 --> CodeIgniter\View\Exceptions\ViewException: Invalid file: "front/login.php"
[Method: GET, Route: login]
in SYSTEMPATH\Exceptions\FrameworkException.php on line 41.
 1 SYSTEMPATH\View\View.php(222): CodeIgniter\Exceptions\FrameworkException::forInvalidFile('front/login.php')
 2 SYSTEMPATH\Common.php(1171): CodeIgniter\View\View->render('front/login', [], true)
 3 APPPATH\Controllers\Home.php(44): view('front/login')
 4 SYSTEMPATH\CodeIgniter.php(933): App\Controllers\Home->login()
 5 SYSTEMPATH\CodeIgniter.php(509): CodeIgniter\CodeIgniter->runController(Object(App\Controllers\Home))
 6 SYSTEMPATH\CodeIgniter.php(355): CodeIgniter\CodeIgniter->handleRequest(null, Object(Config\Cache), false)
 7 SYSTEMPATH\Boot.php(312): CodeIgniter\CodeIgniter->run()
 8 SYSTEMPATH\Boot.php(67): CodeIgniter\Boot::runCodeIgniter(Object(CodeIgniter\CodeIgniter))
 9 FCPATH\index.php(56): CodeIgniter\Boot::bootWeb(Object(Config\Paths))
CRITICAL - 2024-07-23 09:32:42 --> ErrorException: Undefined variable $validation
[Method: GET, Route: registro]
in APPPATH\Views\Back\usuario\registro.php on line 44.
 1 APPPATH\Views\Back\usuario\registro.php(44): CodeIgniter\Debug\Exceptions->errorHandler(2, 'Undefined variable $validation', 'C:\\xampp\\htdocs\\ProT3_36468373\\app\\Views\\Back\\usuario\\registro.php', 44)
 2 SYSTEMPATH\View\View.php(234): include('C:\\xampp\\htdocs\\ProT3_36468373\\app\\Views\\Back\\usuario\\registro.php')
 3 SYSTEMPATH\View\View.php(237): CodeIgniter\View\View->CodeIgniter\View\{closure}()
 4 SYSTEMPATH\Common.php(1171): CodeIgniter\View\View->render('Back/usuario/registro', [], true)
 5 APPPATH\Controllers\Home.php(36): view('Back/usuario/registro')
 6 SYSTEMPATH\CodeIgniter.php(933): App\Controllers\Home->registro()
 7 SYSTEMPATH\CodeIgniter.php(509): CodeIgniter\CodeIgniter->runController(Object(App\Controllers\Home))
 8 SYSTEMPATH\CodeIgniter.php(355): CodeIgniter\CodeIgniter->handleRequest(null, Object(Config\Cache), false)
 9 SYSTEMPATH\Boot.php(312): CodeIgniter\CodeIgniter->run()
10 SYSTEMPATH\Boot.php(67): CodeIgniter\Boot::runCodeIgniter(Object(CodeIgniter\CodeIgniter))
11 FCPATH\index.php(56): CodeIgniter\Boot::bootWeb(Object(Config\Paths))
CRITICAL - 2024-07-23 09:32:44 --> ErrorException: Undefined variable $validation
[Method: GET, Route: registro]
in APPPATH\Views\Back\usuario\registro.php on line 44.
 1 APPPATH\Views\Back\usuario\registro.php(44): CodeIgniter\Debug\Exceptions->errorHandler(2, 'Undefined variable $validation', 'C:\\xampp\\htdocs\\ProT3_36468373\\app\\Views\\Back\\usuario\\registro.php', 44)
 2 SYSTEMPATH\View\View.php(234): include('C:\\xampp\\htdocs\\ProT3_36468373\\app\\Views\\Back\\usuario\\registro.php')
 3 SYSTEMPATH\View\View.php(237): CodeIgniter\View\View->CodeIgniter\View\{closure}()
 4 SYSTEMPATH\Common.php(1171): CodeIgniter\View\View->render('Back/usuario/registro', [], true)
 5 APPPATH\Controllers\Home.php(36): view('Back/usuario/registro')
 6 SYSTEMPATH\CodeIgniter.php(933): App\Controllers\Home->registro()
 7 SYSTEMPATH\CodeIgniter.php(509): CodeIgniter\CodeIgniter->runController(Object(App\Controllers\Home))
 8 SYSTEMPATH\CodeIgniter.php(355): CodeIgniter\CodeIgniter->handleRequest(null, Object(Config\Cache), false)
 9 SYSTEMPATH\Boot.php(312): CodeIgniter\CodeIgniter->run()
10 SYSTEMPATH\Boot.php(67): CodeIgniter\Boot::runCodeIgniter(Object(CodeIgniter\CodeIgniter))
11 FCPATH\index.php(56): CodeIgniter\Boot::bootWeb(Object(Config\Paths))
CRITICAL - 2024-07-23 09:32:44 --> ErrorException: Undefined variable $validation
[Method: GET, Route: registro]
in APPPATH\Views\Back\usuario\registro.php on line 44.
 1 APPPATH\Views\Back\usuario\registro.php(44): CodeIgniter\Debug\Exceptions->errorHandler(2, 'Undefined variable $validation', 'C:\\xampp\\htdocs\\ProT3_36468373\\app\\Views\\Back\\usuario\\registro.php', 44)
 2 SYSTEMPATH\View\View.php(234): include('C:\\xampp\\htdocs\\ProT3_36468373\\app\\Views\\Back\\usuario\\registro.php')
 3 SYSTEMPATH\View\View.php(237): CodeIgniter\View\View->CodeIgniter\View\{closure}()
 4 SYSTEMPATH\Common.php(1171): CodeIgniter\View\View->render('Back/usuario/registro', [], true)
 5 APPPATH\Controllers\Home.php(36): view('Back/usuario/registro')
 6 SYSTEMPATH\CodeIgniter.php(933): App\Controllers\Home->registro()
 7 SYSTEMPATH\CodeIgniter.php(509): CodeIgniter\CodeIgniter->runController(Object(App\Controllers\Home))
 8 SYSTEMPATH\CodeIgniter.php(355): CodeIgniter\CodeIgniter->handleRequest(null, Object(Config\Cache), false)
 9 SYSTEMPATH\Boot.php(312): CodeIgniter\CodeIgniter->run()
10 SYSTEMPATH\Boot.php(67): CodeIgniter\Boot::runCodeIgniter(Object(CodeIgniter\CodeIgniter))
11 FCPATH\index.php(56): CodeIgniter\Boot::bootWeb(Object(Config\Paths))
CRITICAL - 2024-07-23 09:32:44 --> ErrorException: Undefined variable $validation
[Method: GET, Route: registro]
in APPPATH\Views\Back\usuario\registro.php on line 44.
 1 APPPATH\Views\Back\usuario\registro.php(44): CodeIgniter\Debug\Exceptions->errorHandler(2, 'Undefined variable $validation', 'C:\\xampp\\htdocs\\ProT3_36468373\\app\\Views\\Back\\usuario\\registro.php', 44)
 2 SYSTEMPATH\View\View.php(234): include('C:\\xampp\\htdocs\\ProT3_36468373\\app\\Views\\Back\\usuario\\registro.php')
 3 SYSTEMPATH\View\View.php(237): CodeIgniter\View\View->CodeIgniter\View\{closure}()
 4 SYSTEMPATH\Common.php(1171): CodeIgniter\View\View->render('Back/usuario/registro', [], true)
 5 APPPATH\Controllers\Home.php(36): view('Back/usuario/registro')
 6 SYSTEMPATH\CodeIgniter.php(933): App\Controllers\Home->registro()
 7 SYSTEMPATH\CodeIgniter.php(509): CodeIgniter\CodeIgniter->runController(Object(App\Controllers\Home))
 8 SYSTEMPATH\CodeIgniter.php(355): CodeIgniter\CodeIgniter->handleRequest(null, Object(Config\Cache), false)
 9 SYSTEMPATH\Boot.php(312): CodeIgniter\CodeIgniter->run()
10 SYSTEMPATH\Boot.php(67): CodeIgniter\Boot::runCodeIgniter(Object(CodeIgniter\CodeIgniter))
11 FCPATH\index.php(56): CodeIgniter\Boot::bootWeb(Object(Config\Paths))
CRITICAL - 2024-07-23 09:32:44 --> ErrorException: Undefined variable $validation
[Method: GET, Route: registro]
in APPPATH\Views\Back\usuario\registro.php on line 44.
 1 APPPATH\Views\Back\usuario\registro.php(44): CodeIgniter\Debug\Exceptions->errorHandler(2, 'Undefined variable $validation', 'C:\\xampp\\htdocs\\ProT3_36468373\\app\\Views\\Back\\usuario\\registro.php', 44)
 2 SYSTEMPATH\View\View.php(234): include('C:\\xampp\\htdocs\\ProT3_36468373\\app\\Views\\Back\\usuario\\registro.php')
 3 SYSTEMPATH\View\View.php(237): CodeIgniter\View\View->CodeIgniter\View\{closure}()
 4 SYSTEMPATH\Common.php(1171): CodeIgniter\View\View->render('Back/usuario/registro', [], true)
 5 APPPATH\Controllers\Home.php(36): view('Back/usuario/registro')
 6 SYSTEMPATH\CodeIgniter.php(933): App\Controllers\Home->registro()
 7 SYSTEMPATH\CodeIgniter.php(509): CodeIgniter\CodeIgniter->runController(Object(App\Controllers\Home))
 8 SYSTEMPATH\CodeIgniter.php(355): CodeIgniter\CodeIgniter->handleRequest(null, Object(Config\Cache), false)
 9 SYSTEMPATH\Boot.php(312): CodeIgniter\CodeIgniter->run()
10 SYSTEMPATH\Boot.php(67): CodeIgniter\Boot::runCodeIgniter(Object(CodeIgniter\CodeIgniter))
11 FCPATH\index.php(56): CodeIgniter\Boot::bootWeb(Object(Config\Paths))
CRITICAL - 2024-07-23 09:32:44 --> ErrorException: Undefined variable $validation
[Method: GET, Route: registro]
in APPPATH\Views\Back\usuario\registro.php on line 44.
 1 APPPATH\Views\Back\usuario\registro.php(44): CodeIgniter\Debug\Exceptions->errorHandler(2, 'Undefined variable $validation', 'C:\\xampp\\htdocs\\ProT3_36468373\\app\\Views\\Back\\usuario\\registro.php', 44)
 2 SYSTEMPATH\View\View.php(234): include('C:\\xampp\\htdocs\\ProT3_36468373\\app\\Views\\Back\\usuario\\registro.php')
 3 SYSTEMPATH\View\View.php(237): CodeIgniter\View\View->CodeIgniter\View\{closure}()
 4 SYSTEMPATH\Common.php(1171): CodeIgniter\View\View->render('Back/usuario/registro', [], true)
 5 APPPATH\Controllers\Home.php(36): view('Back/usuario/registro')
 6 SYSTEMPATH\CodeIgniter.php(933): App\Controllers\Home->registro()
 7 SYSTEMPATH\CodeIgniter.php(509): CodeIgniter\CodeIgniter->runController(Object(App\Controllers\Home))
 8 SYSTEMPATH\CodeIgniter.php(355): CodeIgniter\CodeIgniter->handleRequest(null, Object(Config\Cache), false)
 9 SYSTEMPATH\Boot.php(312): CodeIgniter\CodeIgniter->run()
10 SYSTEMPATH\Boot.php(67): CodeIgniter\Boot::runCodeIgniter(Object(CodeIgniter\CodeIgniter))
11 FCPATH\index.php(56): CodeIgniter\Boot::bootWeb(Object(Config\Paths))
CRITICAL - 2024-07-23 09:36:14 --> ParseError: syntax error, unexpected end of file, expecting "elseif" or "else" or "endif"
[Method: GET, Route: registro]
in APPPATH\Views\Back\usuario\registro.php on line 61.
 1 SYSTEMPATH\View\View.php(237): CodeIgniter\View\View->CodeIgniter\View\{closure}()
 2 SYSTEMPATH\Common.php(1171): CodeIgniter\View\View->render('Back/usuario/registro', [], true)
 3 APPPATH\Controllers\Home.php(36): view('Back/usuario/registro')
 4 SYSTEMPATH\CodeIgniter.php(933): App\Controllers\Home->registro()
 5 SYSTEMPATH\CodeIgniter.php(509): CodeIgniter\CodeIgniter->runController(Object(App\Controllers\Home))
 6 SYSTEMPATH\CodeIgniter.php(355): CodeIgniter\CodeIgniter->handleRequest(null, Object(Config\Cache), false)
 7 SYSTEMPATH\Boot.php(312): CodeIgniter\CodeIgniter->run()
 8 SYSTEMPATH\Boot.php(67): CodeIgniter\Boot::runCodeIgniter(Object(CodeIgniter\CodeIgniter))
 9 FCPATH\index.php(56): CodeIgniter\Boot::bootWeb(Object(Config\Paths))
CRITICAL - 2024-07-23 09:36:15 --> ParseError: syntax error, unexpected end of file, expecting "elseif" or "else" or "endif"
[Method: GET, Route: registro]
in APPPATH\Views\Back\usuario\registro.php on line 61.
 1 SYSTEMPATH\View\View.php(237): CodeIgniter\View\View->CodeIgniter\View\{closure}()
 2 SYSTEMPATH\Common.php(1171): CodeIgniter\View\View->render('Back/usuario/registro', [], true)
 3 APPPATH\Controllers\Home.php(36): view('Back/usuario/registro')
 4 SYSTEMPATH\CodeIgniter.php(933): App\Controllers\Home->registro()
 5 SYSTEMPATH\CodeIgniter.php(509): CodeIgniter\CodeIgniter->runController(Object(App\Controllers\Home))
 6 SYSTEMPATH\CodeIgniter.php(355): CodeIgniter\CodeIgniter->handleRequest(null, Object(Config\Cache), false)
 7 SYSTEMPATH\Boot.php(312): CodeIgniter\CodeIgniter->run()
 8 SYSTEMPATH\Boot.php(67): CodeIgniter\Boot::runCodeIgniter(Object(CodeIgniter\CodeIgniter))
 9 FCPATH\index.php(56): CodeIgniter\Boot::bootWeb(Object(Config\Paths))
CRITICAL - 2024-07-23 09:36:16 --> ParseError: syntax error, unexpected end of file, expecting "elseif" or "else" or "endif"
[Method: GET, Route: registro]
in APPPATH\Views\Back\usuario\registro.php on line 61.
 1 SYSTEMPATH\View\View.php(237): CodeIgniter\View\View->CodeIgniter\View\{closure}()
 2 SYSTEMPATH\Common.php(1171): CodeIgniter\View\View->render('Back/usuario/registro', [], true)
 3 APPPATH\Controllers\Home.php(36): view('Back/usuario/registro')
 4 SYSTEMPATH\CodeIgniter.php(933): App\Controllers\Home->registro()
 5 SYSTEMPATH\CodeIgniter.php(509): CodeIgniter\CodeIgniter->runController(Object(App\Controllers\Home))
 6 SYSTEMPATH\CodeIgniter.php(355): CodeIgniter\CodeIgniter->handleRequest(null, Object(Config\Cache), false)
 7 SYSTEMPATH\Boot.php(312): CodeIgniter\CodeIgniter->run()
 8 SYSTEMPATH\Boot.php(67): CodeIgniter\Boot::runCodeIgniter(Object(CodeIgniter\CodeIgniter))
 9 FCPATH\index.php(56): CodeIgniter\Boot::bootWeb(Object(Config\Paths))
INFO - 2024-07-23 10:02:38 --> Session: Class initialized using 'CodeIgniter\Session\Handlers\FileHandler' driver.
INFO - 2024-07-23 10:04:42 --> Session: Class initialized using 'CodeIgniter\Session\Handlers\FileHandler' driver.
INFO - 2024-07-23 10:06:34 --> Session: Class initialized using 'CodeIgniter\Session\Handlers\FileHandler' driver.
INFO - 2024-07-23 10:15:18 --> Session: Class initialized using 'CodeIgniter\Session\Handlers\FileHandler' driver.
INFO - 2024-07-23 10:15:36 --> Session: Class initialized using 'CodeIgniter\Session\Handlers\FileHandler' driver.
INFO - 2024-07-23 11:30:42 --> Session: Class initialized using 'CodeIgniter\Session\Handlers\FileHandler' driver.
INFO - 2024-07-23 11:30:50 --> Session: Class initialized using 'CodeIgniter\Session\Handlers\FileHandler' driver.
INFO - 2024-07-23 11:30:51 --> Session: Class initialized using 'CodeIgniter\Session\Handlers\FileHandler' driver.
INFO - 2024-07-23 11:34:20 --> Session: Class initialized using 'CodeIgniter\Session\Handlers\FileHandler' driver.
INFO - 2024-07-23 11:44:52 --> Session: Class initialized using 'CodeIgniter\Session\Handlers\FileHandler' driver.
INFO - 2024-07-23 11:50:09 --> Session: Class initialized using 'CodeIgniter\Session\Handlers\FileHandler' driver.
INFO - 2024-07-23 12:00:23 --> Session: Class initialized using 'CodeIgniter\Session\Handlers\FileHandler' driver.
INFO - 2024-07-23 12:15:47 --> Session: Class initialized using 'CodeIgniter\Session\Handlers\FileHandler' driver.
INFO - 2024-07-23 12:16:12 --> Session: Class initialized using 'CodeIgniter\Session\Handlers\FileHandler' driver.
INFO - 2024-07-23 12:16:14 --> Session: Class initialized using 'CodeIgniter\Session\Handlers\FileHandler' driver.
INFO - 2024-07-23 12:17:38 --> Session: Class initialized using 'CodeIgniter\Session\Handlers\FileHandler' driver.
INFO - 2024-07-23 12:18:01 --> Session: Class initialized using 'CodeIgniter\Session\Handlers\FileHandler' driver.
INFO - 2024-07-23 12:18:04 --> Session: Class initialized using 'CodeIgniter\Session\Handlers\FileHandler' driver.
INFO - 2024-07-23 12:18:36 --> Session: Class initialized using 'CodeIgniter\Session\Handlers\FileHandler' driver.
INFO - 2024-07-23 12:18:54 --> Session: Class initialized using 'CodeIgniter\Session\Handlers\FileHandler' driver.
INFO - 2024-07-23 12:27:16 --> Session: Class initialized using 'CodeIgniter\Session\Handlers\FileHandler' driver.
INFO - 2024-07-23 12:27:19 --> Session: Class initialized using 'CodeIgniter\Session\Handlers\FileHandler' driver.
INFO - 2024-07-23 12:29:25 --> Session: Class initialized using 'CodeIgniter\Session\Handlers\FileHandler' driver.
INFO - 2024-07-23 12:29:26 --> Session: Class initialized using 'CodeIgniter\Session\Handlers\FileHandler' driver.
INFO - 2024-07-23 12:29:27 --> Session: Class initialized using 'CodeIgniter\Session\Handlers\FileHandler' driver.
INFO - 2024-07-23 12:38:09 --> Session: Class initialized using 'CodeIgniter\Session\Handlers\FileHandler' driver.
INFO - 2024-07-23 12:38:10 --> Session: Class initialized using 'CodeIgniter\Session\Handlers\FileHandler' driver.
INFO - 2024-07-23 12:58:39 --> Session: Class initialized using 'CodeIgniter\Session\Handlers\FileHandler' driver.
INFO - 2024-07-23 12:58:42 --> Session: Class initialized using 'CodeIgniter\Session\Handlers\FileHandler' driver.
INFO - 2024-07-23 12:58:43 --> Session: Class initialized using 'CodeIgniter\Session\Handlers\FileHandler' driver.
INFO - 2024-07-23 13:02:09 --> Session: Class initialized using 'CodeIgniter\Session\Handlers\FileHandler' driver.
INFO - 2024-07-23 13:25:43 --> Session: Class initialized using 'CodeIgniter\Session\Handlers\FileHandler' driver.
INFO - 2024-07-23 13:33:52 --> Session: Class initialized using 'CodeIgniter\Session\Handlers\FileHandler' driver.
INFO - 2024-07-23 13:33:53 --> Session: Class initialized using 'CodeIgniter\Session\Handlers\FileHandler' driver.
INFO - 2024-07-23 13:53:50 --> Session: Class initialized using 'CodeIgniter\Session\Handlers\FileHandler' driver.
INFO - 2024-07-23 13:53:56 --> Session: Class initialized using 'CodeIgniter\Session\Handlers\FileHandler' driver.
INFO - 2024-07-23 14:03:42 --> Session: Class initialized using 'CodeIgniter\Session\Handlers\FileHandler' driver.
INFO - 2024-07-23 14:03:44 --> Session: Class initialized using 'CodeIgniter\Session\Handlers\FileHandler' driver.
INFO - 2024-07-23 14:03:45 --> Session: Class initialized using 'CodeIgniter\Session\Handlers\FileHandler' driver.
INFO - 2024-07-23 14:04:50 --> Session: Class initialized using 'CodeIgniter\Session\Handlers\FileHandler' driver.
INFO - 2024-07-23 14:07:48 --> Session: Class initialized using 'CodeIgniter\Session\Handlers\FileHandler' driver.
INFO - 2024-07-23 14:07:51 --> Session: Class initialized using 'CodeIgniter\Session\Handlers\FileHandler' driver.
INFO - 2024-07-23 14:13:37 --> Session: Class initialized using 'CodeIgniter\Session\Handlers\FileHandler' driver.
INFO - 2024-07-23 14:13:38 --> Session: Class initialized using 'CodeIgniter\Session\Handlers\FileHandler' driver.
INFO - 2024-07-23 14:17:20 --> Session: Class initialized using 'CodeIgniter\Session\Handlers\FileHandler' driver.
INFO - 2024-07-23 14:17:31 --> Session: Class initialized using 'CodeIgniter\Session\Handlers\FileHandler' driver.
INFO - 2024-07-23 14:17:33 --> Session: Class initialized using 'CodeIgniter\Session\Handlers\FileHandler' driver.
INFO - 2024-07-23 14:17:49 --> Session: Class initialized using 'CodeIgniter\Session\Handlers\FileHandler' driver.
INFO - 2024-07-23 14:17:52 --> Session: Class initialized using 'CodeIgniter\Session\Handlers\FileHandler' driver.
INFO - 2024-07-23 14:18:13 --> Session: Class initialized using 'CodeIgniter\Session\Handlers\FileHandler' driver.
INFO - 2024-07-23 14:18:14 --> Session: Class initialized using 'CodeIgniter\Session\Handlers\FileHandler' driver.
